# JRE version: Java(TM) SE Runtime Environment (19.0.2+7) (build 19.0.2+7-44)
# Java VM: Java HotSpot(TM) 64-Bit Server VM (19.0.2+7-44, mixed mode, emulated-client, sharing, tiered, compressed oops, compressed class ptrs, g1 gc, windows-amd64)
GC Precious Log:
 CardTable entry size: 512
 Card Set container configuration: InlinePtr #cards 5 size 8 Array Of Cards #cards 12 size 40 Howl #buckets 4 coarsen threshold 1843 Howl Bitmap #cards 512 size 80 coarsen threshold 460 Card regions per heap region 1 cards per card region 2048
 CPUs: 4 total, 4 available
 Memory: 8099M
 Large Page Support: Disabled
 NUMA Support: Disabled
 Compressed Oops: Enabled (32-bit)
 Heap Region Size: 1M
 Heap Min Capacity: 8M
 Heap Initial Capacity: 128M
 Heap Max Capacity: 2026M
 Pre-touch: Disabled
 Parallel Workers: 4
 Concurrent Workers: 1
 Concurrent Refinement Workers: 4
 Periodic GC: Disabled
Heap:
 garbage-first heap   total 131072K, used 48323K [0x0000000081600000, 0x0000000100000000)
  region size 1024K, 5 young (5120K), 5 survivors (5120K)
 Metaspace       used 77511K, committed 78336K, reserved 1179648K
  class space    used 11154K, committed 11520K, reserved 1048576K
GC Heap History (20 events):
Event: 47.236 GC heap after
{Heap after GC invocations=11 (full 0):
 garbage-first heap   total 65536K, used 24750K [0x0000000081600000, 0x0000000100000000)
  region size 1024K, 4 young (4096K), 4 survivors (4096K)
 Metaspace       used 32205K, committed 32704K, reserved 1114112K
  class space    used 4508K, committed 4736K, reserved 1048576K
}
Event: 48.183 GC heap before
{Heap before GC invocations=11 (full 0):
 garbage-first heap   total 65536K, used 54446K [0x0000000081600000, 0x0000000100000000)
  region size 1024K, 28 young (28672K), 4 survivors (4096K)
 Metaspace       used 34774K, committed 35392K, reserved 1114112K
  class space    used 4770K, committed 5056K, reserved 1048576K
}
Event: 48.228 GC heap after
{Heap after GC invocations=12 (full 0):
 garbage-first heap   total 114688K, used 34666K [0x0000000081600000, 0x0000000100000000)
  region size 1024K, 4 young (4096K), 4 survivors (4096K)
 Metaspace       used 34774K, committed 35392K, reserved 1114112K
  class space    used 4770K, committed 5056K, reserved 1048576K
}
Event: 49.439 GC heap before
{Heap before GC invocations=12 (full 0):
 garbage-first heap   total 114688K, used 51050K [0x0000000081600000, 0x0000000100000000)
  region size 1024K, 21 young (21504K), 4 survivors (4096K)
 Metaspace       used 35751K, committed 36288K, reserved 1114112K
  class space    used 4882K, committed 5120K, reserved 1048576K
}
Event: 49.460 GC heap after
{Heap after GC invocations=13 (full 0):
 garbage-first heap   total 114688K, used 33682K [0x0000000081600000, 0x0000000100000000)
  region size 1024K, 2 young (2048K), 2 survivors (2048K)
 Metaspace       used 35751K, committed 36288K, reserved 1114112K
  class space    used 4882K, committed 5120K, reserved 1048576K
}
Event: 54.669 GC heap before
{Heap before GC invocations=14 (full 0):
 garbage-first heap   total 114688K, used 79762K [0x0000000081600000, 0x0000000100000000)
  region size 1024K, 48 young (49152K), 2 survivors (2048K)
 Metaspace       used 47371K, committed 48000K, reserved 1114112K
  class space    used 6392K, committed 6720K, reserved 1048576K
}
Event: 54.709 GC heap after
{Heap after GC invocations=15 (full 0):
 garbage-first heap   total 114688K, used 36388K [0x0000000081600000, 0x0000000100000000)
  region size 1024K, 6 young (6144K), 6 survivors (6144K)
 Metaspace       used 47371K, committed 48000K, reserved 1114112K
  class space    used 6392K, committed 6720K, reserved 1048576K
}
Event: 54.784 GC heap before
{Heap before GC invocations=15 (full 0):
 garbage-first heap   total 114688K, used 37412K [0x0000000081600000, 0x0000000100000000)
  region size 1024K, 7 young (7168K), 6 survivors (6144K)
 Metaspace       used 47575K, committed 48192K, reserved 1114112K
  class space    used 6432K, committed 6720K, reserved 1048576K
}
Event: 54.815 GC heap after
{Heap after GC invocations=16 (full 0):
 garbage-first heap   total 114688K, used 36372K [0x0000000081600000, 0x0000000100000000)
  region size 1024K, 1 young (1024K), 1 survivors (1024K)
 Metaspace       used 47575K, committed 48192K, reserved 1114112K
  class space    used 6432K, committed 6720K, reserved 1048576K
}
Event: 58.805 GC heap before
{Heap before GC invocations=16 (full 0):
 garbage-first heap   total 114688K, used 82452K [0x0000000081600000, 0x0000000100000000)
  region size 1024K, 47 young (48128K), 1 survivors (1024K)
 Metaspace       used 60171K, committed 60800K, reserved 1114112K
  class space    used 8365K, committed 8640K, reserved 1048576K
}
Event: 58.818 GC heap after
{Heap after GC invocations=17 (full 0):
 garbage-first heap   total 114688K, used 37475K [0x0000000081600000, 0x0000000100000000)
  region size 1024K, 2 young (2048K), 2 survivors (2048K)
 Metaspace       used 60171K, committed 60800K, reserved 1114112K
  class space    used 8365K, committed 8640K, reserved 1048576K
}
Event: 58.869 GC heap before
{Heap before GC invocations=17 (full 0):
 garbage-first heap   total 114688K, used 37475K [0x0000000081600000, 0x0000000100000000)
  region size 1024K, 3 young (3072K), 2 survivors (2048K)
 Metaspace       used 60285K, committed 60928K, reserved 1114112K
  class space    used 8384K, committed 8704K, reserved 1048576K
}
Event: 58.881 GC heap after
{Heap after GC invocations=18 (full 0):
 garbage-first heap   total 114688K, used 37566K [0x0000000081600000, 0x0000000100000000)
  region size 1024K, 2 young (2048K), 2 survivors (2048K)
 Metaspace       used 60285K, committed 60928K, reserved 1114112K
  class space    used 8384K, committed 8704K, reserved 1048576K
}
Event: 66.946 GC heap before
{Heap before GC invocations=19 (full 0):
 garbage-first heap   total 114688K, used 87742K [0x0000000081600000, 0x0000000100000000)
  region size 1024K, 51 young (52224K), 2 survivors (2048K)
 Metaspace       used 69288K, committed 69952K, reserved 1114112K
  class space    used 9870K, committed 10176K, reserved 1048576K
}
Event: 66.978 GC heap after
{Heap after GC invocations=20 (full 0):
 garbage-first heap   total 114688K, used 41386K [0x0000000081600000, 0x0000000100000000)
  region size 1024K, 6 young (6144K), 6 survivors (6144K)
 Metaspace       used 69288K, committed 69952K, reserved 1114112K
  class space    used 9870K, committed 10176K, reserved 1048576K
}
Event: 67.051 GC heap before
{Heap before GC invocations=20 (full 0):
 garbage-first heap   total 114688K, used 42410K [0x0000000081600000, 0x0000000100000000)
  region size 1024K, 7 young (7168K), 6 survivors (6144K)
 Metaspace       used 69522K, committed 70208K, reserved 1114112K
  class space    used 9933K, committed 10240K, reserved 1048576K
}
Event: 67.083 GC heap after
{Heap after GC invocations=21 (full 0):
 garbage-first heap   total 114688K, used 41645K [0x0000000081600000, 0x0000000100000000)
  region size 1024K, 1 young (1024K), 1 survivors (1024K)
 Metaspace       used 69522K, committed 70208K, reserved 1114112K
  class space    used 9933K, committed 10240K, reserved 1048576K
}
Event: 69.453 GC heap before
{Heap before GC invocations=21 (full 0):
 garbage-first heap   total 114688K, used 87725K [0x0000000081600000, 0x0000000100000000)
  region size 1024K, 47 young (48128K), 1 survivors (1024K)
 Metaspace       used 73173K, committed 73920K, reserved 1114112K
  class space    used 10481K, committed 10816K, reserved 1048576K
}
Event: 69.490 GC heap after
{Heap after GC invocations=22 (full 0):
 garbage-first heap   total 114688K, used 44122K [0x0000000081600000, 0x0000000100000000)
  region size 1024K, 4 young (4096K), 4 survivors (4096K)
 Metaspace       used 73173K, committed 73920K, reserved 1114112K
  class space    used 10481K, committed 10816K, reserved 1048576K
}
Event: 97.523 GC heap before
{Heap before GC invocations=22 (full 0):
 garbage-first heap   total 114688K, used 89178K [0x0000000081600000, 0x0000000100000000)
  region size 1024K, 48 young (49152K), 4 survivors (4096K)
 Metaspace       used 77511K, committed 78336K, reserved 1179648K
  class space    used 11154K, committed 11520K, reserved 1048576K
}

