# JRE version: OpenJDK Runtime Environment (17.0.6) (build 17.0.6+0-b2043.56-10027231)
# Java VM: OpenJDK 64-Bit Server VM (17.0.6+0-b2043.56-10027231, mixed mode, tiered, compressed oops, compressed class ptrs, g1 gc, windows-amd64)
GC Precious Log:
 CPUs: 4 total, 4 available
 Memory: 8099M
 Large Page Support: Disabled
 NUMA Support: Disabled
 Compressed Oops: Enabled (32-bit)
 Heap Region Size: 1M
 Heap Min Capacity: 8M
 Heap Initial Capacity: 128M
 Heap Max Capacity: 2G
 Pre-touch: Disabled
 Parallel Workers: 4
 Concurrent Workers: 1
 Concurrent Refinement Workers: 4
 Periodic GC: Disabled
Heap:
 garbage-first heap   total 363520K, used 285354K [0x0000000080000000, 0x0000000100000000)
  region size 1024K, 55 young (56320K), 10 survivors (10240K)
 Metaspace       used 153509K, committed 154624K, reserved 1187840K
  class space    used 20050K, committed 20608K, reserved 1048576K
GC Heap History (20 events):
Event: 1120.273 GC heap before
{Heap before GC invocations=76 (full 0):
 garbage-first heap   total 363520K, used 205824K [0x0000000080000000, 0x0000000100000000)
  region size 1024K, 17 young (17408K), 1 survivors (1024K)
 Metaspace       used 147233K, committed 148224K, reserved 1179648K
  class space    used 19581K, committed 20032K, reserved 1048576K
}
Event: 1120.411 GC heap after
{Heap after GC invocations=77 (full 0):
 garbage-first heap   total 363520K, used 164864K [0x0000000080000000, 0x0000000100000000)
  region size 1024K, 3 young (3072K), 3 survivors (3072K)
 Metaspace       used 147233K, committed 148224K, reserved 1179648K
  class space    used 19581K, committed 20032K, reserved 1048576K
}
Event: 1121.438 GC heap before
{Heap before GC invocations=77 (full 0):
 garbage-first heap   total 363520K, used 179200K [0x0000000080000000, 0x0000000100000000)
  region size 1024K, 17 young (17408K), 3 survivors (3072K)
 Metaspace       used 147240K, committed 148224K, reserved 1179648K
  class space    used 19581K, committed 20032K, reserved 1048576K
}
Event: 1121.523 GC heap after
{Heap after GC invocations=78 (full 0):
 garbage-first heap   total 363520K, used 163579K [0x0000000080000000, 0x0000000100000000)
  region size 1024K, 3 young (3072K), 3 survivors (3072K)
 Metaspace       used 147240K, committed 148224K, reserved 1179648K
  class space    used 19581K, committed 20032K, reserved 1048576K
}
Event: 1680.897 GC heap before
{Heap before GC invocations=78 (full 0):
 garbage-first heap   total 363520K, used 302843K [0x0000000080000000, 0x0000000100000000)
  region size 1024K, 125 young (128000K), 3 survivors (3072K)
 Metaspace       used 147915K, committed 148992K, reserved 1179648K
  class space    used 19620K, committed 20096K, reserved 1048576K
}
Event: 1681.039 GC heap after
{Heap after GC invocations=79 (full 0):
 garbage-first heap   total 363520K, used 185111K [0x0000000080000000, 0x0000000100000000)
  region size 1024K, 16 young (16384K), 16 survivors (16384K)
 Metaspace       used 147915K, committed 148992K, reserved 1179648K
  class space    used 19620K, committed 20096K, reserved 1048576K
}
Event: 1690.614 GC heap before
{Heap before GC invocations=79 (full 0):
 garbage-first heap   total 363520K, used 299799K [0x0000000080000000, 0x0000000100000000)
  region size 1024K, 112 young (114688K), 16 survivors (16384K)
 Metaspace       used 148128K, committed 149184K, reserved 1179648K
  class space    used 19635K, committed 20096K, reserved 1048576K
}
Event: 1690.781 GC heap after
{Heap after GC invocations=80 (full 0):
 garbage-first heap   total 363520K, used 196096K [0x0000000080000000, 0x0000000100000000)
  region size 1024K, 11 young (11264K), 11 survivors (11264K)
 Metaspace       used 148128K, committed 149184K, reserved 1179648K
  class space    used 19635K, committed 20096K, reserved 1048576K
}
Event: 1710.014 GC heap before
{Heap before GC invocations=80 (full 0):
 garbage-first heap   total 363520K, used 286208K [0x0000000080000000, 0x0000000100000000)
  region size 1024K, 100 young (102400K), 11 survivors (11264K)
 Metaspace       used 149482K, committed 150528K, reserved 1187840K
  class space    used 19784K, committed 20288K, reserved 1048576K
}
Event: 1710.121 GC heap after
{Heap after GC invocations=81 (full 0):
 garbage-first heap   total 363520K, used 195584K [0x0000000080000000, 0x0000000100000000)
  region size 1024K, 2 young (2048K), 2 survivors (2048K)
 Metaspace       used 149482K, committed 150528K, reserved 1187840K
  class space    used 19784K, committed 20288K, reserved 1048576K
}
Event: 2706.158 GC heap before
{Heap before GC invocations=81 (full 0):
 garbage-first heap   total 363520K, used 293888K [0x0000000080000000, 0x0000000100000000)
  region size 1024K, 97 young (99328K), 2 survivors (2048K)
 Metaspace       used 149765K, committed 150848K, reserved 1187840K
  class space    used 19792K, committed 20288K, reserved 1048576K
}
Event: 2706.249 GC heap after
{Heap after GC invocations=82 (full 0):
 garbage-first heap   total 363520K, used 209920K [0x0000000080000000, 0x0000000100000000)
  region size 1024K, 13 young (13312K), 13 survivors (13312K)
 Metaspace       used 149765K, committed 150848K, reserved 1187840K
  class space    used 19792K, committed 20288K, reserved 1048576K
}
Event: 2721.144 GC heap before
{Heap before GC invocations=82 (full 0):
 garbage-first heap   total 363520K, used 315392K [0x0000000080000000, 0x0000000100000000)
  region size 1024K, 92 young (94208K), 13 survivors (13312K)
 Metaspace       used 150499K, committed 151680K, reserved 1187840K
  class space    used 19837K, committed 20416K, reserved 1048576K
}
Event: 2721.301 GC heap after
{Heap after GC invocations=83 (full 0):
 garbage-first heap   total 363520K, used 223651K [0x0000000080000000, 0x0000000100000000)
  region size 1024K, 12 young (12288K), 12 survivors (12288K)
 Metaspace       used 150499K, committed 151680K, reserved 1187840K
  class space    used 19837K, committed 20416K, reserved 1048576K
}
Event: 2779.186 GC heap before
{Heap before GC invocations=83 (full 0):
 garbage-first heap   total 363520K, used 294307K [0x0000000080000000, 0x0000000100000000)
  region size 1024K, 82 young (83968K), 12 survivors (12288K)
 Metaspace       used 152887K, committed 154048K, reserved 1187840K
  class space    used 20045K, committed 20608K, reserved 1048576K
}
Event: 2779.298 GC heap after
{Heap after GC invocations=84 (full 0):
 garbage-first heap   total 363520K, used 226816K [0x0000000080000000, 0x0000000100000000)
  region size 1024K, 4 young (4096K), 4 survivors (4096K)
 Metaspace       used 152887K, committed 154048K, reserved 1187840K
  class space    used 20045K, committed 20608K, reserved 1048576K
}
Event: 2890.314 GC heap before
{Heap before GC invocations=84 (full 0):
 garbage-first heap   total 363520K, used 299520K [0x0000000080000000, 0x0000000100000000)
  region size 1024K, 74 young (75776K), 4 survivors (4096K)
 Metaspace       used 153082K, committed 154240K, reserved 1187840K
  class space    used 20050K, committed 20608K, reserved 1048576K
}
Event: 2890.374 GC heap after
{Heap after GC invocations=85 (full 0):
 garbage-first heap   total 363520K, used 235034K [0x0000000080000000, 0x0000000100000000)
  region size 1024K, 10 young (10240K), 10 survivors (10240K)
 Metaspace       used 153082K, committed 154240K, reserved 1187840K
  class space    used 20050K, committed 20608K, reserved 1048576K
}
Event: 2896.379 GC heap before
{Heap before GC invocations=85 (full 0):
 garbage-first heap   total 363520K, used 302618K [0x0000000080000000, 0x0000000100000000)
  region size 1024K, 75 young (76800K), 10 survivors (10240K)
 Metaspace       used 153399K, committed 154560K, reserved 1187840K
  class space    used 20050K, committed 20608K, reserved 1048576K
}
Event: 2896.482 GC heap after
{Heap after GC invocations=86 (full 0):
 garbage-first heap   total 363520K, used 240298K [0x0000000080000000, 0x0000000100000000)
  region size 1024K, 10 young (10240K), 10 survivors (10240K)
 Metaspace       used 153399K, committed 154560K, reserved 1187840K
  class space    used 20050K, committed 20608K, reserved 1048576K
}

