# JRE version: OpenJDK Runtime Environment (17.0.6) (build 17.0.6+0-b2043.56-10027231)
# Java VM: OpenJDK 64-Bit Server VM (17.0.6+0-b2043.56-10027231, mixed mode, tiered, compressed oops, compressed class ptrs, g1 gc, windows-amd64)
GC Precious Log:
 CPUs: 4 total, 4 available
 Memory: 8099M
 Large Page Support: Disabled
 NUMA Support: Disabled
 Compressed Oops: Enabled (32-bit)
 Heap Region Size: 1M
 Heap Min Capacity: 8M
 Heap Initial Capacity: 128M
 Heap Max Capacity: 2G
 Pre-touch: Disabled
 Parallel Workers: 4
 Concurrent Workers: 1
 Concurrent Refinement Workers: 4
 Periodic GC: Disabled
Heap:
 garbage-first heap   total 338944K, used 201581K [0x0000000080000000, 0x0000000100000000)
  region size 1024K, 3 young (3072K), 3 survivors (3072K)
 Metaspace       used 145054K, committed 146368K, reserved 1179648K
  class space    used 19470K, committed 20096K, reserved 1048576K
GC Heap History (20 events):
Event: 828.020 GC heap after
{Heap after GC invocations=64 (full 0):
 garbage-first heap   total 223232K, used 189029K [0x0000000080000000, 0x0000000100000000)
  region size 1024K, 1 young (1024K), 1 survivors (1024K)
 Metaspace       used 138644K, committed 139776K, reserved 1171456K
  class space    used 18608K, committed 19136K, reserved 1048576K
}
Event: 1023.915 GC heap before
{Heap before GC invocations=65 (full 0):
 garbage-first heap   total 332800K, used 209509K [0x0000000080000000, 0x0000000100000000)
  region size 1024K, 16 young (16384K), 1 survivors (1024K)
 Metaspace       used 138699K, committed 139776K, reserved 1171456K
  class space    used 18612K, committed 19136K, reserved 1048576K
}
Event: 1023.936 GC heap after
{Heap after GC invocations=66 (full 0):
 garbage-first heap   total 332800K, used 180881K [0x0000000080000000, 0x0000000100000000)
  region size 1024K, 1 young (1024K), 1 survivors (1024K)
 Metaspace       used 138699K, committed 139776K, reserved 1171456K
  class space    used 18612K, committed 19136K, reserved 1048576K
}
Event: 1025.664 GC heap before
{Heap before GC invocations=66 (full 0):
 garbage-first heap   total 332800K, used 196241K [0x0000000080000000, 0x0000000100000000)
  region size 1024K, 16 young (16384K), 1 survivors (1024K)
 Metaspace       used 138717K, committed 139776K, reserved 1171456K
  class space    used 18612K, committed 19136K, reserved 1048576K
}
Event: 1025.720 GC heap after
{Heap after GC invocations=67 (full 0):
 garbage-first heap   total 332800K, used 149592K [0x0000000080000000, 0x0000000100000000)
  region size 1024K, 2 young (2048K), 2 survivors (2048K)
 Metaspace       used 138717K, committed 139776K, reserved 1171456K
  class space    used 18612K, committed 19136K, reserved 1048576K
}
Event: 1027.285 GC heap before
{Heap before GC invocations=67 (full 0):
 garbage-first heap   total 332800K, used 163928K [0x0000000080000000, 0x0000000100000000)
  region size 1024K, 16 young (16384K), 2 survivors (2048K)
 Metaspace       used 138726K, committed 139776K, reserved 1171456K
  class space    used 18612K, committed 19136K, reserved 1048576K
}
Event: 1027.365 GC heap after
{Heap after GC invocations=68 (full 0):
 garbage-first heap   total 332800K, used 136000K [0x0000000080000000, 0x0000000100000000)
  region size 1024K, 2 young (2048K), 2 survivors (2048K)
 Metaspace       used 138726K, committed 139776K, reserved 1171456K
  class space    used 18612K, committed 19136K, reserved 1048576K
}
Event: 1060.936 GC heap before
{Heap before GC invocations=68 (full 0):
 garbage-first heap   total 332800K, used 220992K [0x0000000080000000, 0x0000000100000000)
  region size 1024K, 87 young (89088K), 2 survivors (2048K)
 Metaspace       used 138921K, committed 140032K, reserved 1171456K
  class space    used 18616K, committed 19136K, reserved 1048576K
}
Event: 1061.011 GC heap after
{Heap after GC invocations=69 (full 0):
 garbage-first heap   total 332800K, used 143352K [0x0000000080000000, 0x0000000100000000)
  region size 1024K, 9 young (9216K), 9 survivors (9216K)
 Metaspace       used 138921K, committed 140032K, reserved 1171456K
  class space    used 18616K, committed 19136K, reserved 1048576K
}
Event: 1149.284 GC heap before
{Heap before GC invocations=70 (full 0):
 garbage-first heap   total 332800K, used 273400K [0x0000000080000000, 0x0000000100000000)
  region size 1024K, 123 young (125952K), 9 survivors (9216K)
 Metaspace       used 139340K, committed 140480K, reserved 1171456K
  class space    used 18628K, committed 19200K, reserved 1048576K
}
Event: 1149.419 GC heap after
{Heap after GC invocations=71 (full 0):
 garbage-first heap   total 332800K, used 152311K [0x0000000080000000, 0x0000000100000000)
  region size 1024K, 16 young (16384K), 16 survivors (16384K)
 Metaspace       used 139340K, committed 140480K, reserved 1171456K
  class space    used 18628K, committed 19200K, reserved 1048576K
}
Event: 1149.659 GC heap before
{Heap before GC invocations=71 (full 0):
 garbage-first heap   total 332800K, used 153335K [0x0000000080000000, 0x0000000100000000)
  region size 1024K, 17 young (17408K), 16 survivors (16384K)
 Metaspace       used 139343K, committed 140480K, reserved 1171456K
  class space    used 18628K, committed 19200K, reserved 1048576K
}
Event: 1149.797 GC heap after
{Heap after GC invocations=72 (full 0):
 garbage-first heap   total 332800K, used 139876K [0x0000000080000000, 0x0000000100000000)
  region size 1024K, 2 young (2048K), 2 survivors (2048K)
 Metaspace       used 139343K, committed 140480K, reserved 1171456K
  class space    used 18628K, committed 19200K, reserved 1048576K
}
Event: 1150.759 GC heap before
{Heap before GC invocations=72 (full 0):
 garbage-first heap   total 332800K, used 148068K [0x0000000080000000, 0x0000000100000000)
  region size 1024K, 11 young (11264K), 2 survivors (2048K)
 Metaspace       used 139367K, committed 140544K, reserved 1171456K
  class space    used 18629K, committed 19200K, reserved 1048576K
}
Event: 1150.768 GC heap after
{Heap after GC invocations=73 (full 0):
 garbage-first heap   total 332800K, used 138618K [0x0000000080000000, 0x0000000100000000)
  region size 1024K, 1 young (1024K), 1 survivors (1024K)
 Metaspace       used 139367K, committed 140544K, reserved 1171456K
  class space    used 18629K, committed 19200K, reserved 1048576K
}
Event: 1323.353 GC heap before
{Heap before GC invocations=74 (full 0):
 garbage-first heap   total 332800K, used 317818K [0x0000000080000000, 0x0000000100000000)
  region size 1024K, 114 young (116736K), 1 survivors (1024K)
 Metaspace       used 143968K, committed 145280K, reserved 1179648K
  class space    used 19326K, committed 19968K, reserved 1048576K
}
Event: 1323.440 GC heap after
{Heap after GC invocations=75 (full 0):
 garbage-first heap   total 338944K, used 207872K [0x0000000080000000, 0x0000000100000000)
  region size 1024K, 17 young (17408K), 17 survivors (17408K)
 Metaspace       used 143968K, committed 145280K, reserved 1179648K
  class space    used 19326K, committed 19968K, reserved 1048576K
}
Event: 1323.501 GC heap before
{Heap before GC invocations=75 (full 0):
 garbage-first heap   total 338944K, used 208896K [0x0000000080000000, 0x0000000100000000)
  region size 1024K, 18 young (18432K), 17 survivors (17408K)
 Metaspace       used 143968K, committed 145280K, reserved 1179648K
  class space    used 19326K, committed 19968K, reserved 1048576K
}
Event: 1323.628 GC heap after
{Heap after GC invocations=76 (full 0):
 garbage-first heap   total 338944K, used 200470K [0x0000000080000000, 0x0000000100000000)
  region size 1024K, 1 young (1024K), 1 survivors (1024K)
 Metaspace       used 143968K, committed 145280K, reserved 1179648K
  class space    used 19326K, committed 19968K, reserved 1048576K
}
Event: 1325.790 GC heap before
{Heap before GC invocations=76 (full 0):
 garbage-first heap   total 338944K, used 228118K [0x0000000080000000, 0x0000000100000000)
  region size 1024K, 29 young (29696K), 1 survivors (1024K)
 Metaspace       used 145054K, committed 146368K, reserved 1179648K
  class space    used 19470K, committed 20096K, reserved 1048576K
}

