# JRE version: OpenJDK Runtime Environment (17.0.6) (build 17.0.6+0-b2043.56-10027231)
# Java VM: OpenJDK 64-Bit Server VM (17.0.6+0-b2043.56-10027231, mixed mode, tiered, compressed oops, compressed class ptrs, g1 gc, windows-amd64)
GC Precious Log:
 CPUs: 4 total, 4 available
 Memory: 8099M
 Large Page Support: Disabled
 NUMA Support: Disabled
 Compressed Oops: Enabled (32-bit)
 Heap Region Size: 1M
 Heap Min Capacity: 8M
 Heap Initial Capacity: 128M
 Heap Max Capacity: 2G
 Pre-touch: Disabled
 Parallel Workers: 4
 Concurrent Workers: 1
 Concurrent Refinement Workers: 4
 Periodic GC: Disabled
Heap:
 garbage-first heap   total 131072K, used 78193K [0x0000000080000000, 0x0000000100000000)
  region size 1024K, 5 young (5120K), 5 survivors (5120K)
 Metaspace       used 87898K, committed 88512K, reserved 1130496K
  class space    used 11982K, committed 12288K, reserved 1048576K
GC Heap History (20 events):
Event: 94.870 GC heap after
{Heap after GC invocations=29 (full 0):
 garbage-first heap   total 99328K, used 55328K [0x0000000080000000, 0x0000000100000000)
  region size 1024K, 1 young (1024K), 1 survivors (1024K)
 Metaspace       used 59390K, committed 59968K, reserved 1105920K
  class space    used 7873K, committed 8128K, reserved 1048576K
}
Event: 96.901 GC heap before
{Heap before GC invocations=29 (full 0):
 garbage-first heap   total 99328K, used 71712K [0x0000000080000000, 0x0000000100000000)
  region size 1024K, 18 young (18432K), 1 survivors (1024K)
 Metaspace       used 62343K, committed 62848K, reserved 1105920K
  class space    used 8285K, committed 8512K, reserved 1048576K
}
Event: 96.916 GC heap after
{Heap after GC invocations=30 (full 0):
 garbage-first heap   total 130048K, used 56204K [0x0000000080000000, 0x0000000100000000)
  region size 1024K, 2 young (2048K), 2 survivors (2048K)
 Metaspace       used 62343K, committed 62848K, reserved 1105920K
  class space    used 8285K, committed 8512K, reserved 1048576K
}
Event: 100.268 GC heap before
{Heap before GC invocations=31 (full 0):
 garbage-first heap   total 130048K, used 97164K [0x0000000080000000, 0x0000000100000000)
  region size 1024K, 36 young (36864K), 2 survivors (2048K)
 Metaspace       used 65907K, committed 66496K, reserved 1114112K
  class space    used 8737K, committed 9024K, reserved 1048576K
}
Event: 100.293 GC heap after
{Heap after GC invocations=32 (full 0):
 garbage-first heap   total 130048K, used 60072K [0x0000000080000000, 0x0000000100000000)
  region size 1024K, 5 young (5120K), 5 survivors (5120K)
 Metaspace       used 65907K, committed 66496K, reserved 1114112K
  class space    used 8737K, committed 9024K, reserved 1048576K
}
Event: 100.333 GC heap before
{Heap before GC invocations=32 (full 0):
 garbage-first heap   total 130048K, used 61096K [0x0000000080000000, 0x0000000100000000)
  region size 1024K, 6 young (6144K), 5 survivors (5120K)
 Metaspace       used 65932K, committed 66496K, reserved 1114112K
  class space    used 8739K, committed 9024K, reserved 1048576K
}
Event: 100.366 GC heap after
{Heap after GC invocations=33 (full 0):
 garbage-first heap   total 130048K, used 60330K [0x0000000080000000, 0x0000000100000000)
  region size 1024K, 1 young (1024K), 1 survivors (1024K)
 Metaspace       used 65932K, committed 66496K, reserved 1114112K
  class space    used 8739K, committed 9024K, reserved 1048576K
}
Event: 103.367 GC heap before
{Heap before GC invocations=33 (full 0):
 garbage-first heap   total 130048K, used 94122K [0x0000000080000000, 0x0000000100000000)
  region size 1024K, 34 young (34816K), 1 survivors (1024K)
 Metaspace       used 69120K, committed 69696K, reserved 1114112K
  class space    used 9158K, committed 9408K, reserved 1048576K
}
Event: 103.388 GC heap after
{Heap after GC invocations=34 (full 0):
 garbage-first heap   total 130048K, used 62404K [0x0000000080000000, 0x0000000100000000)
  region size 1024K, 3 young (3072K), 3 survivors (3072K)
 Metaspace       used 69120K, committed 69696K, reserved 1114112K
  class space    used 9158K, committed 9408K, reserved 1048576K
}
Event: 106.090 GC heap before
{Heap before GC invocations=34 (full 0):
 garbage-first heap   total 130048K, used 97220K [0x0000000080000000, 0x0000000100000000)
  region size 1024K, 37 young (37888K), 3 survivors (3072K)
 Metaspace       used 73532K, committed 74112K, reserved 1114112K
  class space    used 9771K, committed 10048K, reserved 1048576K
}
Event: 106.117 GC heap after
{Heap after GC invocations=35 (full 0):
 garbage-first heap   total 130048K, used 64687K [0x0000000080000000, 0x0000000100000000)
  region size 1024K, 3 young (3072K), 3 survivors (3072K)
 Metaspace       used 73532K, committed 74112K, reserved 1114112K
  class space    used 9771K, committed 10048K, reserved 1048576K
}
Event: 109.709 GC heap before
{Heap before GC invocations=35 (full 0):
 garbage-first heap   total 130048K, used 99503K [0x0000000080000000, 0x0000000100000000)
  region size 1024K, 37 young (37888K), 3 survivors (3072K)
 Metaspace       used 76077K, committed 76672K, reserved 1122304K
  class space    used 10111K, committed 10368K, reserved 1048576K
}
Event: 109.749 GC heap after
{Heap after GC invocations=36 (full 0):
 garbage-first heap   total 130048K, used 69403K [0x0000000080000000, 0x0000000100000000)
  region size 1024K, 5 young (5120K), 5 survivors (5120K)
 Metaspace       used 76077K, committed 76672K, reserved 1122304K
  class space    used 10111K, committed 10368K, reserved 1048576K
}
Event: 112.437 GC heap before
{Heap before GC invocations=36 (full 0):
 garbage-first heap   total 130048K, used 101147K [0x0000000080000000, 0x0000000100000000)
  region size 1024K, 36 young (36864K), 5 survivors (5120K)
 Metaspace       used 78396K, committed 79040K, reserved 1122304K
  class space    used 10426K, committed 10688K, reserved 1048576K
}
Event: 112.514 GC heap after
{Heap after GC invocations=37 (full 0):
 garbage-first heap   total 130048K, used 72887K [0x0000000080000000, 0x0000000100000000)
  region size 1024K, 4 young (4096K), 4 survivors (4096K)
 Metaspace       used 78396K, committed 79040K, reserved 1122304K
  class space    used 10426K, committed 10688K, reserved 1048576K
}
Event: 115.125 GC heap before
{Heap before GC invocations=37 (full 0):
 garbage-first heap   total 130048K, used 101559K [0x0000000080000000, 0x0000000100000000)
  region size 1024K, 33 young (33792K), 4 survivors (4096K)
 Metaspace       used 82118K, committed 82752K, reserved 1122304K
  class space    used 11143K, committed 11456K, reserved 1048576K
}
Event: 115.150 GC heap after
{Heap after GC invocations=38 (full 0):
 garbage-first heap   total 130048K, used 73797K [0x0000000080000000, 0x0000000100000000)
  region size 1024K, 2 young (2048K), 2 survivors (2048K)
 Metaspace       used 82118K, committed 82752K, reserved 1122304K
  class space    used 11143K, committed 11456K, reserved 1048576K
}
Event: 117.719 GC heap before
{Heap before GC invocations=38 (full 0):
 garbage-first heap   total 130048K, used 103493K [0x0000000080000000, 0x0000000100000000)
  region size 1024K, 31 young (31744K), 2 survivors (2048K)
 Metaspace       used 85203K, committed 85824K, reserved 1130496K
  class space    used 11604K, committed 11904K, reserved 1048576K
}
Event: 117.749 GC heap after
{Heap after GC invocations=39 (full 0):
 garbage-first heap   total 130048K, used 75570K [0x0000000080000000, 0x0000000100000000)
  region size 1024K, 4 young (4096K), 4 survivors (4096K)
 Metaspace       used 85203K, committed 85824K, reserved 1130496K
  class space    used 11604K, committed 11904K, reserved 1048576K
}
Event: 120.515 GC heap before
{Heap before GC invocations=39 (full 0):
 garbage-first heap   total 130048K, used 105266K [0x0000000080000000, 0x0000000100000000)
  region size 1024K, 33 young (33792K), 4 survivors (4096K)
 Metaspace       used 87898K, committed 88512K, reserved 1130496K
  class space    used 11982K, committed 12288K, reserved 1048576K
}

