# JRE version: OpenJDK Runtime Environment (17.0.6) (build 17.0.6+0-b2043.56-10027231)
# Java VM: OpenJDK 64-Bit Server VM (17.0.6+0-b2043.56-10027231, mixed mode, tiered, compressed oops, compressed class ptrs, g1 gc, windows-amd64)
GC Precious Log:
 CPUs: 4 total, 4 available
 Memory: 8099M
 Large Page Support: Disabled
 NUMA Support: Disabled
 Compressed Oops: Enabled (32-bit)
 Heap Region Size: 1M
 Heap Min Capacity: 8M
 Heap Initial Capacity: 128M
 Heap Max Capacity: 2G
 Pre-touch: Disabled
 Parallel Workers: 4
 Concurrent Workers: 1
 Concurrent Refinement Workers: 4
 Periodic GC: Disabled
Heap:
 garbage-first heap   total 299008K, used 173061K [0x0000000080000000, 0x0000000100000000)
  region size 1024K, 3 young (3072K), 3 survivors (3072K)
 Metaspace       used 93250K, committed 93952K, reserved 1130496K
  class space    used 12790K, committed 13120K, reserved 1048576K
GC Heap History (20 events):
Event: 138.900 GC heap after
{Heap after GC invocations=51 (full 0):
 garbage-first heap   total 283648K, used 159543K [0x0000000080000000, 0x0000000100000000)
  region size 1024K, 2 young (2048K), 2 survivors (2048K)
 Metaspace       used 93166K, committed 93952K, reserved 1130496K
  class space    used 12776K, committed 13120K, reserved 1048576K
}
Event: 147.356 GC heap before
{Heap before GC invocations=51 (full 0):
 garbage-first heap   total 283648K, used 224055K [0x0000000080000000, 0x0000000100000000)
  region size 1024K, 66 young (67584K), 2 survivors (2048K)
 Metaspace       used 93203K, committed 93952K, reserved 1130496K
  class space    used 12777K, committed 13120K, reserved 1048576K
}
Event: 147.390 GC heap after
{Heap after GC invocations=52 (full 0):
 garbage-first heap   total 283648K, used 165481K [0x0000000080000000, 0x0000000100000000)
  region size 1024K, 8 young (8192K), 8 survivors (8192K)
 Metaspace       used 93203K, committed 93952K, reserved 1130496K
  class space    used 12777K, committed 13120K, reserved 1048576K
}
Event: 153.639 GC heap before
{Heap before GC invocations=53 (full 0):
 garbage-first heap   total 286720K, used 225897K [0x0000000080000000, 0x0000000100000000)
  region size 1024K, 69 young (70656K), 8 survivors (8192K)
 Metaspace       used 93204K, committed 93952K, reserved 1130496K
  class space    used 12777K, committed 13120K, reserved 1048576K
}
Event: 153.676 GC heap after
{Heap after GC invocations=54 (full 0):
 garbage-first heap   total 286720K, used 165993K [0x0000000080000000, 0x0000000100000000)
  region size 1024K, 5 young (5120K), 5 survivors (5120K)
 Metaspace       used 93204K, committed 93952K, reserved 1130496K
  class space    used 12777K, committed 13120K, reserved 1048576K
}
Event: 154.795 GC heap before
{Heap before GC invocations=54 (full 0):
 garbage-first heap   total 286720K, used 175209K [0x0000000080000000, 0x0000000100000000)
  region size 1024K, 14 young (14336K), 5 survivors (5120K)
 Metaspace       used 93204K, committed 93952K, reserved 1130496K
  class space    used 12777K, committed 13120K, reserved 1048576K
}
Event: 154.822 GC heap after
{Heap after GC invocations=55 (full 0):
 garbage-first heap   total 286720K, used 163835K [0x0000000080000000, 0x0000000100000000)
  region size 1024K, 2 young (2048K), 2 survivors (2048K)
 Metaspace       used 93204K, committed 93952K, reserved 1130496K
  class space    used 12777K, committed 13120K, reserved 1048576K
}
Event: 162.832 GC heap before
{Heap before GC invocations=55 (full 0):
 garbage-first heap   total 286720K, used 233467K [0x0000000080000000, 0x0000000100000000)
  region size 1024K, 70 young (71680K), 2 survivors (2048K)
 Metaspace       used 93206K, committed 93952K, reserved 1130496K
  class space    used 12777K, committed 13120K, reserved 1048576K
}
Event: 162.853 GC heap after
{Heap after GC invocations=56 (full 0):
 garbage-first heap   total 286720K, used 166672K [0x0000000080000000, 0x0000000100000000)
  region size 1024K, 5 young (5120K), 5 survivors (5120K)
 Metaspace       used 93206K, committed 93952K, reserved 1130496K
  class space    used 12777K, committed 13120K, reserved 1048576K
}
Event: 175.128 GC heap before
{Heap before GC invocations=57 (full 0):
 garbage-first heap   total 286720K, used 236304K [0x0000000080000000, 0x0000000100000000)
  region size 1024K, 73 young (74752K), 5 survivors (5120K)
 Metaspace       used 93213K, committed 93952K, reserved 1130496K
  class space    used 12779K, committed 13120K, reserved 1048576K
}
Event: 175.162 GC heap after
{Heap after GC invocations=58 (full 0):
 garbage-first heap   total 286720K, used 169161K [0x0000000080000000, 0x0000000100000000)
  region size 1024K, 8 young (8192K), 8 survivors (8192K)
 Metaspace       used 93213K, committed 93952K, reserved 1130496K
  class space    used 12779K, committed 13120K, reserved 1048576K
}
Event: 175.559 GC heap before
{Heap before GC invocations=58 (full 0):
 garbage-first heap   total 286720K, used 175305K [0x0000000080000000, 0x0000000100000000)
  region size 1024K, 14 young (14336K), 8 survivors (8192K)
 Metaspace       used 93213K, committed 93952K, reserved 1130496K
  class space    used 12779K, committed 13120K, reserved 1048576K
}
Event: 175.593 GC heap after
{Heap after GC invocations=59 (full 0):
 garbage-first heap   total 286720K, used 168488K [0x0000000080000000, 0x0000000100000000)
  region size 1024K, 2 young (2048K), 2 survivors (2048K)
 Metaspace       used 93213K, committed 93952K, reserved 1130496K
  class space    used 12779K, committed 13120K, reserved 1048576K
}
Event: 185.268 GC heap before
{Heap before GC invocations=59 (full 0):
 garbage-first heap   total 286720K, used 238120K [0x0000000080000000, 0x0000000100000000)
  region size 1024K, 70 young (71680K), 2 survivors (2048K)
 Metaspace       used 93213K, committed 93952K, reserved 1130496K
  class space    used 12779K, committed 13120K, reserved 1048576K
}
Event: 185.295 GC heap after
{Heap after GC invocations=60 (full 0):
 garbage-first heap   total 286720K, used 171243K [0x0000000080000000, 0x0000000100000000)
  region size 1024K, 5 young (5120K), 5 survivors (5120K)
 Metaspace       used 93213K, committed 93952K, reserved 1130496K
  class space    used 12779K, committed 13120K, reserved 1048576K
}
Event: 193.202 GC heap before
{Heap before GC invocations=61 (full 0):
 garbage-first heap   total 299008K, used 239851K [0x0000000080000000, 0x0000000100000000)
  region size 1024K, 72 young (73728K), 5 survivors (5120K)
 Metaspace       used 93215K, committed 93952K, reserved 1130496K
  class space    used 12779K, committed 13120K, reserved 1048576K
}
Event: 193.235 GC heap after
{Heap after GC invocations=62 (full 0):
 garbage-first heap   total 299008K, used 173415K [0x0000000080000000, 0x0000000100000000)
  region size 1024K, 7 young (7168K), 7 survivors (7168K)
 Metaspace       used 93215K, committed 93952K, reserved 1130496K
  class space    used 12779K, committed 13120K, reserved 1048576K
}
Event: 193.871 GC heap before
{Heap before GC invocations=62 (full 0):
 garbage-first heap   total 299008K, used 180583K [0x0000000080000000, 0x0000000100000000)
  region size 1024K, 14 young (14336K), 7 survivors (7168K)
 Metaspace       used 93215K, committed 93952K, reserved 1130496K
  class space    used 12779K, committed 13120K, reserved 1048576K
}
Event: 193.919 GC heap after
{Heap after GC invocations=63 (full 0):
 garbage-first heap   total 299008K, used 172063K [0x0000000080000000, 0x0000000100000000)
  region size 1024K, 2 young (2048K), 2 survivors (2048K)
 Metaspace       used 93215K, committed 93952K, reserved 1130496K
  class space    used 12779K, committed 13120K, reserved 1048576K
}
Event: 194.876 GC heap before
{Heap before GC invocations=63 (full 0):
 garbage-first heap   total 299008K, used 181279K [0x0000000080000000, 0x0000000100000000)
  region size 1024K, 12 young (12288K), 2 survivors (2048K)
 Metaspace       used 93250K, committed 93952K, reserved 1130496K
  class space    used 12790K, committed 13120K, reserved 1048576K
}

