# JRE version: OpenJDK Runtime Environment (17.0.6) (build 17.0.6+0-b2043.56-10027231)
# Java VM: OpenJDK 64-Bit Server VM (17.0.6+0-b2043.56-10027231, mixed mode, tiered, compressed oops, compressed class ptrs, g1 gc, windows-amd64)
GC Precious Log:
 CPUs: 4 total, 4 available
 Memory: 8099M
 Large Page Support: Disabled
 NUMA Support: Disabled
 Compressed Oops: Enabled (32-bit)
 Heap Region Size: 1M
 Heap Min Capacity: 8M
 Heap Initial Capacity: 128M
 Heap Max Capacity: 2G
 Pre-touch: Disabled
 Parallel Workers: 4
 Concurrent Workers: 1
 Concurrent Refinement Workers: 4
 Periodic GC: Disabled
Heap:
 garbage-first heap   total 235520K, used 169908K [0x0000000080000000, 0x0000000100000000)
  region size 1024K, 65 young (66560K), 2 survivors (2048K)
 Metaspace       used 84630K, committed 85376K, reserved 1130496K
  class space    used 11536K, committed 11904K, reserved 1048576K
GC Heap History (20 events):
Event: 63.091 GC heap before
{Heap before GC invocations=27 (full 0):
 garbage-first heap   total 150528K, used 91669K [0x0000000080000000, 0x0000000100000000)
  region size 1024K, 23 young (23552K), 4 survivors (4096K)
 Metaspace       used 56668K, committed 57280K, reserved 1105920K
  class space    used 7599K, committed 7872K, reserved 1048576K
}
Event: 63.123 GC heap after
{Heap after GC invocations=28 (full 0):
 garbage-first heap   total 150528K, used 76241K [0x0000000080000000, 0x0000000100000000)
  region size 1024K, 5 young (5120K), 5 survivors (5120K)
 Metaspace       used 56668K, committed 57280K, reserved 1105920K
  class space    used 7599K, committed 7872K, reserved 1048576K
}
Event: 63.565 GC heap before
{Heap before GC invocations=29 (full 0):
 garbage-first heap   total 155648K, used 93649K [0x0000000080000000, 0x0000000100000000)
  region size 1024K, 14 young (14336K), 5 survivors (5120K)
 Metaspace       used 57035K, committed 57664K, reserved 1105920K
  class space    used 7660K, committed 7936K, reserved 1048576K
}
Event: 63.590 GC heap after
{Heap after GC invocations=30 (full 0):
 garbage-first heap   total 155648K, used 90833K [0x0000000080000000, 0x0000000100000000)
  region size 1024K, 6 young (6144K), 6 survivors (6144K)
 Metaspace       used 57035K, committed 57664K, reserved 1105920K
  class space    used 7660K, committed 7936K, reserved 1048576K
}
Event: 64.932 GC heap before
{Heap before GC invocations=31 (full 0):
 garbage-first heap   total 167936K, used 115409K [0x0000000080000000, 0x0000000100000000)
  region size 1024K, 29 young (29696K), 6 survivors (6144K)
 Metaspace       used 59804K, committed 60416K, reserved 1105920K
  class space    used 8028K, committed 8320K, reserved 1048576K
}
Event: 64.956 GC heap after
{Heap after GC invocations=32 (full 0):
 garbage-first heap   total 167936K, used 93467K [0x0000000080000000, 0x0000000100000000)
  region size 1024K, 3 young (3072K), 3 survivors (3072K)
 Metaspace       used 59804K, committed 60416K, reserved 1105920K
  class space    used 8028K, committed 8320K, reserved 1048576K
}
Event: 65.263 GC heap before
{Heap before GC invocations=32 (full 0):
 garbage-first heap   total 167936K, used 97563K [0x0000000080000000, 0x0000000100000000)
  region size 1024K, 8 young (8192K), 3 survivors (3072K)
 Metaspace       used 60578K, committed 61184K, reserved 1105920K
  class space    used 8122K, committed 8384K, reserved 1048576K
}
Event: 65.284 GC heap after
{Heap after GC invocations=33 (full 0):
 garbage-first heap   total 167936K, used 93076K [0x0000000080000000, 0x0000000100000000)
  region size 1024K, 1 young (1024K), 1 survivors (1024K)
 Metaspace       used 60578K, committed 61184K, reserved 1105920K
  class space    used 8122K, committed 8384K, reserved 1048576K
}
Event: 67.756 GC heap before
{Heap before GC invocations=33 (full 0):
 garbage-first heap   total 167936K, used 121748K [0x0000000080000000, 0x0000000100000000)
  region size 1024K, 29 young (29696K), 1 survivors (1024K)
 Metaspace       used 65465K, committed 66176K, reserved 1114112K
  class space    used 8763K, committed 9088K, reserved 1048576K
}
Event: 67.770 GC heap after
{Heap after GC invocations=34 (full 0):
 garbage-first heap   total 167936K, used 94210K [0x0000000080000000, 0x0000000100000000)
  region size 1024K, 2 young (2048K), 2 survivors (2048K)
 Metaspace       used 65465K, committed 66176K, reserved 1114112K
  class space    used 8763K, committed 9088K, reserved 1048576K
}
Event: 70.770 GC heap before
{Heap before GC invocations=35 (full 0):
 garbage-first heap   total 167936K, used 131074K [0x0000000080000000, 0x0000000100000000)
  region size 1024K, 32 young (32768K), 2 survivors (2048K)
 Metaspace       used 68403K, committed 69184K, reserved 1114112K
  class space    used 9131K, committed 9472K, reserved 1048576K
}
Event: 70.802 GC heap after
{Heap after GC invocations=36 (full 0):
 garbage-first heap   total 167936K, used 97819K [0x0000000080000000, 0x0000000100000000)
  region size 1024K, 4 young (4096K), 4 survivors (4096K)
 Metaspace       used 68403K, committed 69184K, reserved 1114112K
  class space    used 9131K, committed 9472K, reserved 1048576K
}
Event: 71.159 GC heap before
{Heap before GC invocations=36 (full 0):
 garbage-first heap   total 167936K, used 101915K [0x0000000080000000, 0x0000000100000000)
  region size 1024K, 8 young (8192K), 4 survivors (4096K)
 Metaspace       used 68746K, committed 69440K, reserved 1114112K
  class space    used 9176K, committed 9472K, reserved 1048576K
}
Event: 71.186 GC heap after
{Heap after GC invocations=37 (full 0):
 garbage-first heap   total 167936K, used 98027K [0x0000000080000000, 0x0000000100000000)
  region size 1024K, 1 young (1024K), 1 survivors (1024K)
 Metaspace       used 68746K, committed 69440K, reserved 1114112K
  class space    used 9176K, committed 9472K, reserved 1048576K
}
Event: 77.911 GC heap before
{Heap before GC invocations=37 (full 0):
 garbage-first heap   total 167936K, used 127723K [0x0000000080000000, 0x0000000100000000)
  region size 1024K, 30 young (30720K), 1 survivors (1024K)
 Metaspace       used 71665K, committed 72320K, reserved 1114112K
  class space    used 9569K, committed 9856K, reserved 1048576K
}
Event: 77.941 GC heap after
{Heap after GC invocations=38 (full 0):
 garbage-first heap   total 235520K, used 99468K [0x0000000080000000, 0x0000000100000000)
  region size 1024K, 3 young (3072K), 3 survivors (3072K)
 Metaspace       used 71665K, committed 72320K, reserved 1114112K
  class space    used 9569K, committed 9856K, reserved 1048576K
}
Event: 88.176 GC heap before
{Heap before GC invocations=39 (full 0):
 garbage-first heap   total 235520K, used 166028K [0x0000000080000000, 0x0000000100000000)
  region size 1024K, 68 young (69632K), 3 survivors (3072K)
 Metaspace       used 78573K, committed 79232K, reserved 1122304K
  class space    used 10510K, committed 10816K, reserved 1048576K
}
Event: 88.234 GC heap after
{Heap after GC invocations=40 (full 0):
 garbage-first heap   total 235520K, used 105560K [0x0000000080000000, 0x0000000100000000)
  region size 1024K, 8 young (8192K), 8 survivors (8192K)
 Metaspace       used 78573K, committed 79232K, reserved 1122304K
  class space    used 10510K, committed 10816K, reserved 1048576K
}
Event: 88.406 GC heap before
{Heap before GC invocations=40 (full 0):
 garbage-first heap   total 235520K, used 107608K [0x0000000080000000, 0x0000000100000000)
  region size 1024K, 11 young (11264K), 8 survivors (8192K)
 Metaspace       used 78585K, committed 79232K, reserved 1122304K
  class space    used 10510K, committed 10816K, reserved 1048576K
}
Event: 88.458 GC heap after
{Heap after GC invocations=41 (full 0):
 garbage-first heap   total 235520K, used 106420K [0x0000000080000000, 0x0000000100000000)
  region size 1024K, 2 young (2048K), 2 survivors (2048K)
 Metaspace       used 78585K, committed 79232K, reserved 1122304K
  class space    used 10510K, committed 10816K, reserved 1048576K
}

